[debug] [2021-06-10T20:17:33.371Z] ----------------------------------------------------------------------
[debug] [2021-06-10T20:17:33.374Z] Command:       /usr/local/bin/node /usr/local/bin/firebase init
[debug] [2021-06-10T20:17:33.374Z] CLI Version:   9.6.1
[debug] [2021-06-10T20:17:33.374Z] Platform:      darwin
[debug] [2021-06-10T20:17:33.374Z] Node Version:  v14.16.0
[debug] [2021-06-10T20:17:33.375Z] Time:          Thu Jun 10 2021 14:17:33 GMT-0600 (Mountain Daylight Time)
[debug] [2021-06-10T20:17:33.375Z] ----------------------------------------------------------------------
[debug] [2021-06-10T20:17:33.375Z] 
[debug] [2021-06-10T20:17:33.381Z] > command requires scopes: ["email","openid","https://www.googleapis.com/auth/cloudplatformprojects.readonly","https://www.googleapis.com/auth/firebase","https://www.googleapis.com/auth/cloud-platform"]
[debug] [2021-06-10T20:17:33.381Z] > authorizing via signed-in user
[info] 
     ######## #### ########  ######## ########     ###     ######  ########
     ##        ##  ##     ## ##       ##     ##  ##   ##  ##       ##
     ######    ##  ########  ######   ########  #########  ######  ######
     ##        ##  ##    ##  ##       ##     ## ##     ##       ## ##
     ##       #### ##     ## ######## ########  ##     ##  ######  ########

You're about to initialize a Firebase project in this directory:

  /Users/elijahsamuels

Before we get started, keep in mind:

  * You are initializing in an existing Firebase project directory

[info] 
=== Project Setup
[info] 
[info] First, let's associate this project directory with a Firebase project.
[info] You can create multiple project aliases by running firebase use --add, 
[info] but for now we'll just set up a default project.
[info] 
[info] i  .firebaserc already has a default project, using cosmo-80860. 
[debug] [2021-06-10T20:17:38.843Z] > refreshing access token with scopes: []
[debug] [2021-06-10T20:17:38.844Z] >>> HTTP REQUEST POST https://www.googleapis.com/oauth2/v3/token  
 <request body omitted>
[debug] [2021-06-10T20:17:39.049Z] <<< HTTP RESPONSE 200 {"date":"Thu, 10 Jun 2021 20:17:39 GMT","expires":"Mon, 01 Jan 1990 00:00:00 GMT","pragma":"no-cache","cache-control":"no-cache, no-store, max-age=0, must-revalidate","content-type":"application/json; charset=utf-8","vary":"X-Origin, Referer, Origin,Accept-Encoding","server":"scaffolding on HTTPServer2","x-xss-protection":"0","x-frame-options":"SAMEORIGIN","x-content-type-options":"nosniff","alt-svc":"h3-29=\":443\"; ma=2592000,h3-T051=\":443\"; ma=2592000,h3-Q050=\":443\"; ma=2592000,h3-Q046=\":443\"; ma=2592000,h3-Q043=\":443\"; ma=2592000,quic=\":443\"; ma=2592000; v=\"46,43\"","accept-ranges":"none","transfer-encoding":"chunked"}
[debug] [2021-06-10T20:17:39.075Z] >>> [apiv2][query] GET https://firebase.googleapis.com/v1beta1/projects/cosmo-80860 [none]
[debug] [2021-06-10T20:17:39.248Z] <<< [apiv2][status] GET https://firebase.googleapis.com/v1beta1/projects/cosmo-80860 200
[debug] [2021-06-10T20:17:39.248Z] <<< [apiv2][body] GET https://firebase.googleapis.com/v1beta1/projects/cosmo-80860 {"projectId":"cosmo-80860","projectNumber":"793398076702","displayName":"cosmo","name":"projects/cosmo-80860","resources":{"hostingSite":"cosmo-80860","realtimeDatabaseInstance":"cosmo-80860-default-rtdb"},"state":"ACTIVE"}
[info] 
=== Hosting Setup
[info] 
[info] Your public directory is the folder (relative to your project directory) that
[info] will contain Hosting assets to be uploaded with firebase deploy. If you
[info] have a build process for your assets, use your build's output directory.
[info] 
[debug] [2021-06-10T20:18:14.612Z] >>> [apiv2][query] GET https://www.gstatic.com/firebasejs/releases.json [none]
[debug] [2021-06-10T20:18:14.952Z] <<< [apiv2][status] GET https://www.gstatic.com/firebasejs/releases.json 200
[debug] [2021-06-10T20:18:14.952Z] <<< [apiv2][body] GET https://www.gstatic.com/firebasejs/releases.json {"current":{"version":"8.6.5","browserURL":"https://www.gstatic.com/firebasejs/8.6.5/firebase.js","packageURL":"https://www.gstatic.com/firebasejs/8.6.5/firebase.tgz"},"live":{"version":"8.6","browserURL":"https://www.gstatic.com/firebasejs/live/8.6/firebase.js","packageURL":"https://www.gstatic.com/firebasejs/live/8.6/firebase.tgz"},"components":{"analytics":"https://www.gstatic.com/firebasejs/8.6.5/firebase-analytics.js","app":"https://www.gstatic.com/firebasejs/8.6.5/firebase-app.js","app-check":"https://www.gstatic.com/firebasejs/8.6.5/firebase-app-check.js","auth":"https://www.gstatic.com/firebasejs/8.6.5/firebase-auth.js","database":"https://www.gstatic.com/firebasejs/8.6.5/firebase-database.js","firestore":"https://www.gstatic.com/firebasejs/8.6.5/firebase-firestore.js","functions":"https://www.gstatic.com/firebasejs/8.6.5/firebase-functions.js","installations":"https://www.gstatic.com/firebasejs/8.6.5/firebase-installations.js","messaging":"https://www.gstatic.com/firebasejs/8.6.5/firebase-messaging.js","storage":"https://www.gstatic.com/firebasejs/8.6.5/firebase-storage.js","performance":"https://www.gstatic.com/firebasejs/8.6.5/firebase-performance.js","remote-config":"https://www.gstatic.com/firebasejs/8.6.5/firebase-remote-config.js","firestore.memory":"https://www.gstatic.com/firebasejs/8.6.5/firebase-firestore.memory.js"}}
[info] ✔  Wrote '/Users/elijahsamuels/Google Drive/Code/chatapps/superchat'/index.html 
[info] 
[info] i  Detected a .git folder at /Users/elijahsamuels/Google Drive/Code/chatapps/superchat 
[info] i  Authorizing with GitHub to upload your service account to a GitHub repository's secrets store. 
[info] 
[info] Visit this URL on this device to log in:
[info] https://github.com/login/oauth/authorize?client_id=89cf50f02ac6aaed3484&state=898419716&redirect_uri=http%3A%2F%2Flocalhost%3A9005&scope=read%3Auser%20repo%20public_repo
[info] 
[info] Waiting for authentication...
[debug] [2021-06-10T20:18:15.581Z] >>> HTTP REQUEST POST https://github.com/login/oauth/access_token  
 {"client_id":"89cf50f02ac6aaed3484","client_secret":"3330d14abc895d9a74d5f17cd7a00711fa2c5bf0","code":"04f3c2b43b128a8beb51","redirect_uri":"http://localhost:9005","state":"898419716"}
[debug] [2021-06-10T20:18:15.824Z] <<< HTTP RESPONSE 200 {"server":"GitHub.com","date":"Thu, 10 Jun 2021 20:18:15 GMT","content-type":"application/json; charset=utf-8","transfer-encoding":"chunked","vary":"X-PJAX, Accept-Encoding, Accept, X-Requested-With","permissions-policy":"interest-cohort=()","etag":"W/\"1f18523d1fcd6a188f8e53dcf6f74a6a\"","cache-control":"max-age=0, private, must-revalidate","strict-transport-security":"max-age=31536000; includeSubdomains; preload","x-frame-options":"deny","x-content-type-options":"nosniff","x-xss-protection":"0","referrer-policy":"origin-when-cross-origin, strict-origin-when-cross-origin","expect-ct":"max-age=2592000, report-uri=\"https://api.github.com/_private/browser/errors\"","content-security-policy":"default-src 'none'; base-uri 'self'; block-all-mixed-content; connect-src 'self' uploads.github.com www.githubstatus.com collector.githubapp.com api.github.com github-cloud.s3.amazonaws.com github-production-repository-file-5c1aeb.s3.amazonaws.com github-production-upload-manifest-file-7fdce7.s3.amazonaws.com github-production-user-asset-6210df.s3.amazonaws.com html-translator.herokuapp.com cdn.optimizely.com logx.optimizely.com/v1/events wss://alive.github.com; font-src github.githubassets.com; form-action 'self' github.com gist.github.com; frame-ancestors 'none'; frame-src render.githubusercontent.com; img-src 'self' data: github.githubassets.com identicons.github.com collector.githubapp.com github-cloud.s3.amazonaws.com secured-user-images.githubusercontent.com/ *.githubusercontent.com; manifest-src 'self'; media-src 'none'; script-src github.githubassets.com; style-src 'unsafe-inline' github.githubassets.com; worker-src github.com/socket-worker-3f088aa2.js gist.github.com/socket-worker-3f088aa2.js","x-github-request-id":"CE79:6229:17C7DE0:21163DC:60C27387"}
[debug] [2021-06-10T20:18:15.827Z] >>> [apiv2][query] GET https://api.github.com/user [none]
[debug] [2021-06-10T20:18:16.138Z] <<< [apiv2][status] GET https://api.github.com/user 200
[debug] [2021-06-10T20:18:16.138Z] <<< [apiv2][body] GET https://api.github.com/user {"login":"elijahsamuels","id":71040664,"node_id":"MDQ6VXNlcjcxMDQwNjY0","avatar_url":"https://avatars.githubusercontent.com/u/71040664?v=4","gravatar_id":"","url":"https://api.github.com/users/elijahsamuels","html_url":"https://github.com/elijahsamuels","followers_url":"https://api.github.com/users/elijahsamuels/followers","following_url":"https://api.github.com/users/elijahsamuels/following{/other_user}","gists_url":"https://api.github.com/users/elijahsamuels/gists{/gist_id}","starred_url":"https://api.github.com/users/elijahsamuels/starred{/owner}{/repo}","subscriptions_url":"https://api.github.com/users/elijahsamuels/subscriptions","organizations_url":"https://api.github.com/users/elijahsamuels/orgs","repos_url":"https://api.github.com/users/elijahsamuels/repos","events_url":"https://api.github.com/users/elijahsamuels/events{/privacy}","received_events_url":"https://api.github.com/users/elijahsamuels/received_events","type":"User","site_admin":false,"name":"Elijah","company":null,"blog":"","location":"Denver","email":null,"hireable":true,"bio":null,"twitter_username":null,"public_repos":302,"public_gists":0,"followers":10,"following":18,"created_at":"2020-09-09T19:55:26Z","updated_at":"2021-05-18T03:02:47Z","private_gists":0,"total_private_repos":2,"owned_private_repos":2,"disk_usage":21500,"collaborators":0,"two_factor_authentication":false,"plan":{"name":"free","space":976562499,"collaborators":0,"private_repos":10000}}
[info] 
[info] ✔  Success! Logged into GitHub as elijahsamuels 
[info] 
